Traceback (most recent call last):
  File "C:\Users\Admin\AppData\Local\Programs\Python\Python313\Lib\site-packages\jupyter_cache\executors\utils.py", line 58, in single_nb_execution
    executenb(
    ~~~~~~~~~^
        nb,
        ^^^
    ...<4 lines>...
        **kwargs,
        ^^^^^^^^^
    )
    ^
  File "C:\Users\Admin\AppData\Local\Programs\Python\Python313\Lib\site-packages\nbclient\client.py", line 1319, in execute
    return NotebookClient(nb=nb, resources=resources, km=km, **kwargs).execute()
           ~~~~~~~~~~~~~~~~~~~~~~~~~~~~~~~~~~~~~~~~~~~~~~~~~~~~~~~~~~~~~~~~~~~^^
  File "C:\Users\Admin\AppData\Roaming\Python\Python313\site-packages\jupyter_core\utils\__init__.py", line 165, in wrapped
    return loop.run_until_complete(inner)
           ~~~~~~~~~~~~~~~~~~~~~~~^^^^^^^
  File "C:\Users\Admin\AppData\Local\Programs\Python\Python313\Lib\asyncio\base_events.py", line 719, in run_until_complete
    return future.result()
           ~~~~~~~~~~~~~^^
  File "C:\Users\Admin\AppData\Local\Programs\Python\Python313\Lib\site-packages\nbclient\client.py", line 709, in async_execute
    await self.async_execute_cell(
        cell, index, execution_count=self.code_cells_executed + 1
    )
  File "C:\Users\Admin\AppData\Local\Programs\Python\Python313\Lib\site-packages\nbclient\client.py", line 1062, in async_execute_cell
    await self._check_raise_for_error(cell, cell_index, exec_reply)
  File "C:\Users\Admin\AppData\Local\Programs\Python\Python313\Lib\site-packages\nbclient\client.py", line 918, in _check_raise_for_error
    raise CellExecutionError.from_cell_and_msg(cell, exec_reply_content)
nbclient.exceptions.CellExecutionError: An error occurred while executing the following cell:
------------------
tokenizer = SimpleTokenizerV1(vocab)
text = "Hello, do you like tea. Is this-- a test?"
tokenizer.encode(text) # error
------------------


[31m---------------------------------------------------------------------------[39m
[31mKeyError[39m                                  Traceback (most recent call last)
[36mCell[39m[36m [39m[32mIn[11][39m[32m, line 3[39m
[32m      1[39m tokenizer = SimpleTokenizerV1(vocab)
[32m      2[39m text = [33m"[39m[33mHello, do you like tea. Is this-- a test?[39m[33m"[39m
[32m----> [39m[32m3[39m [43mtokenizer[49m[43m.[49m[43mencode[49m[43m([49m[43mtext[49m[43m)[49m [38;5;66;03m# error[39;00m

[36mCell[39m[36m [39m[32mIn[8][39m[32m, line 13[39m, in [36mSimpleTokenizerV1.encode[39m[34m(self, text)[39m
[32m      8[39m preprocessed = re.split([33mr[39m[33m'[39m[33m([,.:;?_![39m[33m"[39m[33m()[39m[38;5;130;01m\'[39;00m[33m]|--|[39m[33m\[39m[33ms)[39m[33m'[39m, text)
[32m     10[39m preprocessed = [
[32m     11[39m     item.strip() [38;5;28;01mfor[39;00m item [38;5;129;01min[39;00m preprocessed [38;5;28;01mif[39;00m item.strip()
[32m     12[39m ]
[32m---> [39m[32m13[39m ids = [[38;5;28;43mself[39;49m[43m.[49m[43mstr_to_int[49m[43m[[49m[43ms[49m[43m][49m [38;5;28;01mfor[39;00m s [38;5;129;01min[39;00m preprocessed]
[32m     14[39m [38;5;28;01mreturn[39;00m ids

[31mKeyError[39m: 'Hello'

